This is pdfTeX, Version 3.14159265-2.6-1.40.18 (MiKTeX 2.9.6500 64-bit) (preloaded format=pdflatex 2018.1.7)  3 APR 2018 14:13
entering extended mode
**./code.tex
(code.tex
LaTeX2e <2017-04-15>
Babel <3.15> and hyphenation patterns for 75 language(s) loaded.
("C:\Program Files\MiKTeX 2.9\tex\latex\base\article.cls"
Document Class: article 2014/09/29 v1.4h Standard LaTeX document class
("C:\Program Files\MiKTeX 2.9\tex\latex\base\size10.clo"
File: size10.clo 2014/09/29 v1.4h Standard LaTeX file (size option)
)
\c@part=\count79
\c@section=\count80
\c@subsection=\count81
\c@subsubsection=\count82
\c@paragraph=\count83
\c@subparagraph=\count84
\c@figure=\count85
\c@table=\count86
\abovecaptionskip=\skip41
\belowcaptionskip=\skip42
\bibindent=\dimen102
)
("C:\Program Files\MiKTeX 2.9\tex\latex\base\inputenc.sty"
Package: inputenc 2015/03/17 v1.2c Input encoding file
\inpenc@prehook=\toks14
\inpenc@posthook=\toks15

("C:\Program Files\MiKTeX 2.9\tex\latex\base\latin1.def"
File: latin1.def 2015/03/17 v1.2c Input encoding file
))
("C:\Program Files\MiKTeX 2.9\tex\latex\base\fontenc.sty"
Package: fontenc 2017/04/05 v2.0i Standard LaTeX package

("C:\Program Files\MiKTeX 2.9\tex\latex\base\t1enc.def"
File: t1enc.def 2017/04/05 v2.0i Standard LaTeX file
LaTeX Font Info:    Redeclaring font encoding T1 on input line 48.
))
("C:\Program Files\MiKTeX 2.9\tex\generic\babel\babel.sty"
Package: babel 2017/11/03 3.15 The Babel package

("C:\Program Files\MiKTeX 2.9\tex\generic\babel\switch.def"
File: switch.def 2017/11/03 3.15 Babel switching mechanism
)
*************************************
* Local config file bblopts.cfg used
*
("C:\Program Files\MiKTeX 2.9\tex\latex\arabi\bblopts.cfg"
File: bblopts.cfg 2005/09/08 v0.1 add Arabic and Farsi to "declared" options of
 babel
)
("C:\Program Files\MiKTeX 2.9\tex\latex\babel-english\english.ldf"
Language: english 2017/06/06 v3.3r English support from the babel system

("C:\Program Files\MiKTeX 2.9\tex\generic\babel\babel.def"
File: babel.def 2017/11/03 3.15 Babel common definitions

("C:\Program Files\MiKTeX 2.9\tex\generic\babel\switch.def"
File: switch.def 2017/11/03 3.15 Babel switching mechanism
)
\babel@savecnt=\count87
\U@D=\dimen103
)
\l@canadian = a dialect from \language\l@american 
\l@australian = a dialect from \language\l@british 
\l@newzealand = a dialect from \language\l@british 
))
("C:\Program Files\MiKTeX 2.9\tex\latex\graphics\graphicx.sty"
Package: graphicx 2017/06/01 v1.1a Enhanced LaTeX Graphics (DPC,SPQR)

("C:\Program Files\MiKTeX 2.9\tex\latex\graphics\keyval.sty"
Package: keyval 2014/10/28 v1.15 key=value parser (DPC)
\KV@toks@=\toks16
)
("C:\Program Files\MiKTeX 2.9\tex\latex\graphics\graphics.sty"
Package: graphics 2017/06/25 v1.2c Standard LaTeX Graphics (DPC,SPQR)

("C:\Program Files\MiKTeX 2.9\tex\latex\graphics\trig.sty"
Package: trig 2016/01/03 v1.10 sin cos tan (DPC)
)
("C:\Program Files\MiKTeX 2.9\tex\latex\graphics-cfg\graphics.cfg"
File: graphics.cfg 2016/06/04 v1.11 sample graphics configuration
)
Package graphics Info: Driver file: pdftex.def on input line 99.

("C:\Program Files\MiKTeX 2.9\tex\latex\graphics-def\pdftex.def"
File: pdftex.def 2017/06/24 v1.0g Graphics/color driver for pdftex
))
\Gin@req@height=\dimen104
\Gin@req@width=\dimen105
)
("C:\Program Files\MiKTeX 2.9\tex\latex\amsmath\amsmath.sty"
Package: amsmath 2017/09/02 v2.17a AMS math features
\@mathmargin=\skip43

For additional information on amsmath, use the `?' option.
("C:\Program Files\MiKTeX 2.9\tex\latex\amsmath\amstext.sty"
Package: amstext 2000/06/29 v2.01 AMS text

("C:\Program Files\MiKTeX 2.9\tex\latex\amsmath\amsgen.sty"
File: amsgen.sty 1999/11/30 v2.0 generic functions
\@emptytoks=\toks17
\ex@=\dimen106
))
("C:\Program Files\MiKTeX 2.9\tex\latex\amsmath\amsbsy.sty"
Package: amsbsy 1999/11/29 v1.2d Bold Symbols
\pmbraise@=\dimen107
)
("C:\Program Files\MiKTeX 2.9\tex\latex\amsmath\amsopn.sty"
Package: amsopn 2016/03/08 v2.02 operator names
)
\inf@bad=\count88
LaTeX Info: Redefining \frac on input line 213.
\uproot@=\count89
\leftroot@=\count90
LaTeX Info: Redefining \overline on input line 375.
\classnum@=\count91
\DOTSCASE@=\count92
LaTeX Info: Redefining \ldots on input line 472.
LaTeX Info: Redefining \dots on input line 475.
LaTeX Info: Redefining \cdots on input line 596.
\Mathstrutbox@=\box26
\strutbox@=\box27
\big@size=\dimen108
LaTeX Font Info:    Redeclaring font encoding OML on input line 712.
LaTeX Font Info:    Redeclaring font encoding OMS on input line 713.
\macc@depth=\count93
\c@MaxMatrixCols=\count94
\dotsspace@=\muskip10
\c@parentequation=\count95
\dspbrk@lvl=\count96
\tag@help=\toks18
\row@=\count97
\column@=\count98
\maxfields@=\count99
\andhelp@=\toks19
\eqnshift@=\dimen109
\alignsep@=\dimen110
\tagshift@=\dimen111
\tagwidth@=\dimen112
\totwidth@=\dimen113
\lineht@=\dimen114
\@envbody=\toks20
\multlinegap=\skip44
\multlinetaggap=\skip45
\mathdisplay@stack=\toks21
LaTeX Info: Redefining \[ on input line 2817.
LaTeX Info: Redefining \] on input line 2818.
)
("C:\Program Files\MiKTeX 2.9\tex\latex\amsfonts\amsfonts.sty"
Package: amsfonts 2013/01/14 v3.01 Basic AMSFonts support
\symAMSa=\mathgroup4
\symAMSb=\mathgroup5
LaTeX Font Info:    Overwriting math alphabet `\mathfrak' in version `bold'
(Font)                  U/euf/m/n --> U/euf/b/n on input line 106.
)
("C:\Program Files\MiKTeX 2.9\tex\latex\multirow\multirow.sty"
Package: multirow 2016/11/25 v2.2 Span multiple rows of a table
\multirow@colwidth=\skip46
\multirow@cntb=\count100
\multirow@dima=\skip47
\bigstrutjot=\dimen115
)
("C:\Program Files\MiKTeX 2.9\tex\latex\booktabs\booktabs.sty"
Package: booktabs 2005/04/14 v1.61803 publication quality tables
\heavyrulewidth=\dimen116
\lightrulewidth=\dimen117
\cmidrulewidth=\dimen118
\belowrulesep=\dimen119
\belowbottomsep=\dimen120
\aboverulesep=\dimen121
\abovetopsep=\dimen122
\cmidrulesep=\dimen123
\cmidrulekern=\dimen124
\defaultaddspace=\dimen125
\@cmidla=\count101
\@cmidlb=\count102
\@aboverulesep=\dimen126
\@belowrulesep=\dimen127
\@thisruleclass=\count103
\@lastruleclass=\count104
\@thisrulewidth=\dimen128
) (code.aux)
\openout1 = `code.aux'.

LaTeX Font Info:    Checking defaults for OML/cmm/m/it on input line 22.
LaTeX Font Info:    ... okay on input line 22.
LaTeX Font Info:    Checking defaults for T1/cmr/m/n on input line 22.
LaTeX Font Info:    ... okay on input line 22.
LaTeX Font Info:    Checking defaults for OT1/cmr/m/n on input line 22.
LaTeX Font Info:    ... okay on input line 22.
LaTeX Font Info:    Checking defaults for OMS/cmsy/m/n on input line 22.
LaTeX Font Info:    ... okay on input line 22.
LaTeX Font Info:    Checking defaults for OMX/cmex/m/n on input line 22.
LaTeX Font Info:    ... okay on input line 22.
LaTeX Font Info:    Checking defaults for U/cmr/m/n on input line 22.
LaTeX Font Info:    ... okay on input line 22.

("C:\Program Files\MiKTeX 2.9\tex\context\base\supp-pdf.mkii"
[Loading MPS to PDF converter (version 2006.09.02).]
\scratchcounter=\count105
\scratchdimen=\dimen129
\scratchbox=\box28
\nofMPsegments=\count106
\nofMParguments=\count107
\everyMPshowfont=\toks22
\MPscratchCnt=\count108
\MPscratchDim=\dimen130
\MPnumerator=\count109
\makeMPintoPDFobject=\count110
\everyMPtoPDFconversion=\toks23
) ("C:\Program Files\MiKTeX 2.9\tex\latex\oberdiek\epstopdf-base.sty"
Package: epstopdf-base 2016/05/15 v2.6 Base part for package epstopdf

("C:\Program Files\MiKTeX 2.9\tex\generic\oberdiek\infwarerr.sty"
Package: infwarerr 2016/05/16 v1.4 Providing info/warning/error messages (HO)
)
("C:\Program Files\MiKTeX 2.9\tex\latex\oberdiek\grfext.sty"
Package: grfext 2016/05/16 v1.2 Manage graphics extensions (HO)

("C:\Program Files\MiKTeX 2.9\tex\generic\oberdiek\kvdefinekeys.sty"
Package: kvdefinekeys 2016/05/16 v1.4 Define keys (HO)

("C:\Program Files\MiKTeX 2.9\tex\generic\oberdiek\ltxcmds.sty"
Package: ltxcmds 2016/05/16 v1.23 LaTeX kernel commands for general use (HO)
)))
("C:\Program Files\MiKTeX 2.9\tex\latex\oberdiek\kvoptions.sty"
Package: kvoptions 2016/05/16 v3.12 Key value format for package options (HO)

("C:\Program Files\MiKTeX 2.9\tex\generic\oberdiek\kvsetkeys.sty"
Package: kvsetkeys 2016/05/16 v1.17 Key value parser (HO)

("C:\Program Files\MiKTeX 2.9\tex\generic\oberdiek\etexcmds.sty"
Package: etexcmds 2016/05/16 v1.6 Avoid name clashes with e-TeX commands (HO)

("C:\Program Files\MiKTeX 2.9\tex\generic\oberdiek\ifluatex.sty"
Package: ifluatex 2016/05/16 v1.4 Provides the ifluatex switch (HO)
Package ifluatex Info: LuaTeX not detected.
)
Package etexcmds Info: Could not find \expanded.
(etexcmds)             That can mean that you are not using pdfTeX 1.50 or
(etexcmds)             that some package has redefined \expanded.
(etexcmds)             In the latter case, load this package earlier.
)))
("C:\Program Files\MiKTeX 2.9\tex\generic\oberdiek\pdftexcmds.sty"
Package: pdftexcmds 2017/03/19 v0.25 Utility functions of pdfTeX for LuaTeX (HO
)

("C:\Program Files\MiKTeX 2.9\tex\generic\oberdiek\ifpdf.sty"
Package: ifpdf 2017/03/15 v3.2 Provides the ifpdf switch
)
Package pdftexcmds Info: LuaTeX not detected.
Package pdftexcmds Info: \pdf@primitive is available.
Package pdftexcmds Info: \pdf@ifprimitive is available.
Package pdftexcmds Info: \pdfdraftmode found.
)
Package epstopdf-base Info: Redefining graphics rule for `.eps' on input line 4
38.
Package grfext Info: Graphics extension search list:
(grfext)             [.pdf,.png,.jpg,.mps,.jpeg,.jbig2,.jb2,.PDF,.PNG,.JPG,.JPE
G,.JBIG2,.JB2,.eps]
(grfext)             \AppendGraphicsExtensions on input line 456.
)
LaTeX Font Info:    Try loading font information for U+msa on input line 24.

("C:\Program Files\MiKTeX 2.9\tex\latex\amsfonts\umsa.fd"
File: umsa.fd 2013/01/14 v3.01 AMS symbols A
)
LaTeX Font Info:    Try loading font information for U+msb on input line 24.

("C:\Program Files\MiKTeX 2.9\tex\latex\amsfonts\umsb.fd"
File: umsb.fd 2013/01/14 v3.01 AMS symbols B
)
LaTeX Font Info:    Try loading font information for T1+cmtt on input line 27.

("C:\Program Files\MiKTeX 2.9\tex\latex\base\t1cmtt.fd"
File: t1cmtt.fd 2014/09/29 v2.5h Standard LaTeX font definitions
) [1

{C:/ProgramData/MiKTeX/2.9/pdftex/config/pdftex.map}]
Overfull \hbox (80.14618pt too wide) in paragraph at lines 151--151
[]\T1/cmtt/m/n/10 L=floor(Nsamples/2);%L should be lower than the length of the
 r.p. because of the[] 
 []


Overfull \hbox (17.16156pt too wide) in paragraph at lines 151--151
[]\T1/cmtt/m/n/10 % Analytical PSD: compute the transform of rx(n) on paper and
 plot it[] 
 []

[2]
Overfull \hbox (1.4154pt too wide) in paragraph at lines 151--151
[]\T1/cmtt/m/n/10 plot(omega/(2*pi), 10*log10(s_white*(abs(H_w)).^2), 'Color', 
'm');[] 
 []


Overfull \hbox (101.14105pt too wide) in paragraph at lines 151--151
[]\T1/cmtt/m/n/10 legend('Welch', 'Correlogram', 'Periodogram', ['AR(' int2str(
N) ')'], 'Actual value',[] 
 []


Overfull \hbox (106.38977pt too wide) in paragraph at lines 256--256
[]\T1/cmtt/m/n/10 L=floor(Nsamples/2);%L should be lower than the length of the
 r.p. because of the high[] 
 []

[3]
Overfull \hbox (17.16156pt too wide) in paragraph at lines 256--256
[]\T1/cmtt/m/n/10 % Analytical PSD: compute the transform of rx(n) on paper and
 plot it[] 
 []

[4]
Overfull \hbox (1.4154pt too wide) in paragraph at lines 256--256
[]\T1/cmtt/m/n/10 plot(omega/(2*pi), 10*log10(s_white*(abs(H_w)).^2), 'Color', 
'm');[] 
 []


Overfull \hbox (101.14105pt too wide) in paragraph at lines 256--256
[]\T1/cmtt/m/n/10 legend('Welch', 'Correlogram', 'Periodogram', ['AR(' int2str(
N) ')'], 'Actual value',[] 
 []


Overfull \hbox (6.66412pt too wide) in paragraph at lines 256--256
[]\T1/cmtt/m/n/10 %% Estimation of phases phi1 and phi2 based on coefficients o
f A(z)[] 
 []

[5] [6]
Overfull \hbox (27.659pt too wide) in paragraph at lines 444--444
[]\T1/cmtt/m/n/10 title(['Real part of c' int2str(index) ' and c_{opt}' int2str
(index)]);[] 
 []


Overfull \hbox (101.14105pt too wide) in paragraph at lines 444--444
[]\T1/cmtt/m/n/10 legend(['c' int2str(index)], ['c_{est}' int2str(index)], ['av
erage' int2str(index)]);[] 
 []


Overfull \hbox (53.90259pt too wide) in paragraph at lines 444--444
[]\T1/cmtt/m/n/10 title(['Imaginary part of c' int2str(index) ' and c_{opt}' in
t2str(index)]);[] 
 []


Overfull \hbox (95.89233pt too wide) in paragraph at lines 444--444
[]\T1/cmtt/m/n/10 legend(['c' int2str(index)], ['c_{est}' int2str(index)],['ave
rage' int2str(index)]);[] 
 []


Overfull \hbox (106.38977pt too wide) in paragraph at lines 444--444
[]\T1/cmtt/m/n/10 plot(1:max_iter, 10*log10(abs(e).^2), 1:max_iter, 10*log10(s_
white)*ones(1, max_iter),[] 
 []

[7] [8]
Overfull \hbox (64.40002pt too wide) in paragraph at lines 444--444
[]\T1/cmtt/m/n/10 title(['Real part of c_{mean}' int2str(index) ' and c_{opt}' 
int2str(index)]);[] 
 []


Overfull \hbox (90.64362pt too wide) in paragraph at lines 444--444
[]\T1/cmtt/m/n/10 title(['Imaginary part of c_{mean}' int2str(index) ' and c_{o
pt}' int2str(index)]);[] 
 []


Overfull \hbox (111.63849pt too wide) in paragraph at lines 444--444
[]\T1/cmtt/m/n/10 plot(1:max_iter,10*log10(mean_error), 1:max_iter, 10*log10(s_
white)*ones(1, max_iter));[] 
 []


Overfull \hbox (1.4154pt too wide) in paragraph at lines 444--444
[]\T1/cmtt/m/n/10 xlabel('Number of iterations'); ylabel('Mean Squared Error (d
B)');[] 
 []


Overfull \hbox (17.16156pt too wide) in paragraph at lines 591--591
[]\T1/cmtt/m/n/10 %every index is augmented by 1 because matlab starts from 1 a
nd not 0[] 
 []


Overfull \hbox (11.91284pt too wide) in paragraph at lines 591--591
[]\T1/cmtt/m/n/10 %%%%%%%%%%%%%%%%%%%%%%%%%%%%%%%%%%%%%%%%%%%%%%%%%%%%%%%%%%%%%
%%%%%%%[] 
 []

[9]
Overfull \hbox (22.41028pt too wide) in paragraph at lines 591--591
[]\T1/cmtt/m/n/10 %INPUT: r.p. x, window (hamming or rect, passed as a vector o
f samples[] 
 []


Overfull \hbox (11.91284pt too wide) in paragraph at lines 591--591
[]\T1/cmtt/m/n/10 %starting from the origin), autocorrelation estimate rx, L nu
mber of[] 
 []


Overfull \hbox (22.41028pt too wide) in paragraph at lines 591--591
[]\T1/cmtt/m/n/10 %%%%%%%%%%%%%%%%%%%%%%%%%%%%%%%%%%%%%%%%%%%%%%%%%%%%%%%%%%%%%
%%%%%%%%%[] 
 []


Overfull \hbox (17.16156pt too wide) in paragraph at lines 591--591
[]\T1/cmtt/m/n/10 % Finds the negative symmetrical part of the autocorrelation 
estimate[] 
 []


Overfull \hbox (106.38977pt too wide) in paragraph at lines 591--591
[]\T1/cmtt/m/n/10 %OUTPUT: vector autoc_full with the autocorrelation (both neg
ative and positive terms)[] 
 []


Overfull \hbox (11.91284pt too wide) in paragraph at lines 591--591
[]\T1/cmtt/m/n/10 % it's the same as puttig the conjugate, flipped, at the end 
of this[] 
 []


Overfull \hbox (22.41028pt too wide) in paragraph at lines 591--591
[]\T1/cmtt/m/n/10 %%%%%%%%%%%%%%%%%%%%%%%%%%%%%%%%%%%%%%%%%%%%%%%%%%%%%%%%%%%%%
%%%%%%%%%[] 
 []


Overfull \hbox (43.40515pt too wide) in paragraph at lines 591--591
[]\T1/cmtt/m/n/10 %OUTPUT: coefficients of the filter in the vector a, value of
 the variance[] 
 []

[10]
Overfull \hbox (27.659pt too wide) in paragraph at lines 591--591
[]\T1/cmtt/m/n/10 %%%%%%%%%%%%%%%%%%%%%%%%%%%%%%%%%%%%%%%%%%%%%%%%%%%%%%%%%%%%%
%%%%%%%%%%[] 
 []


Overfull \hbox (27.659pt too wide) in paragraph at lines 591--591
[]\T1/cmtt/m/n/10 %%%%%%%%%%%%%%%%%%%%%%%%%%%%%%%%%%%%%%%%%%%%%%%%%%%%%%%%%%%%%
%%%%%%%%%%[] 
 []

[11] [12] (code.aux) ) 
Here is how much of TeX's memory you used:
 2997 strings out of 493312
 39548 string characters out of 3138900
 106395 words of memory out of 3000000
 6480 multiletter control sequences out of 15000+200000
 12436 words of font info for 38 fonts, out of 3000000 for 9000
 1141 hyphenation exceptions out of 8191
 41i,6n,25p,273b,261s stack positions out of 5000i,500n,10000p,200000b,50000s
 <C:\Users\jacop\AppData\Local\MiKTeX\2.9\fonts\pk\ljfour
\jknappen\ec\dpi600\ecrm1000.pk> <C:\Users\jacop\AppData\Local\MiKTeX\2.9\fonts
\pk\ljfour\jknappen\ec\dpi600\ectt1000.pk> <C:\Users\jacop\AppData\Local\MiKTeX
\2.9\fonts\pk\ljfour\jknappen\ec\dpi600\ecbx1440.pk> <C:\Users\jacop\AppData\Lo
cal\MiKTeX\2.9\fonts\pk\ljfour\jknappen\ec\dpi600\ecrm1200.pk> <C:\Users\jacop\
AppData\Local\MiKTeX\2.9\fonts\pk\ljfour\jknappen\ec\dpi600\ecrm1728.pk>
Output written on code.pdf (12 pages, 61272 bytes).
PDF statistics:
 196 PDF objects out of 1000 (max. 8388607)
 0 named destinations out of 1000 (max. 500000)
 1 words of extra memory for PDF output out of 10000 (max. 10000000)

